Thu, 01 Apr 2021 00:54:32 main_pytorch.py[line:550] INFO Namespace(cuda=True, dataset_dir='/home/mura4197/Downloads/Scene_Detection/2018_data_1/', filename='main_pytorch', holdout_fold=1, mini_data=False, mode='train', subdir='TUT-urban-acoustic-scenes-2018-development', validate=True, workspace='/home/mura4197/Downloads/dcase2018_task1-master/')
Thu, 01 Apr 2021 00:54:33 data_generator.py[line:44] INFO Loading data time: 0.092 s
Thu, 01 Apr 2021 00:54:33 data_generator.py[line:50] INFO Use all development data for training. 
Thu, 01 Apr 2021 00:54:33 data_generator.py[line:169] INFO Number of train audios in specific devices ['a']: 864
Thu, 01 Apr 2021 00:54:45 main_pytorch.py[line:230] INFO tr_acc: 0.100, tr_loss: 6.750
Thu, 01 Apr 2021 00:54:45 data_generator.py[line:169] INFO Number of validate audios in specific devices ['a']: 864
Thu, 01 Apr 2021 00:54:55 main_pytorch.py[line:242] INFO va_acc: 0.100, va_loss: 6.750
Thu, 01 Apr 2021 00:54:55 main_pytorch.py[line:249] INFO iteration: 0, train time: 0.001 s, validate time: 21.196 s
Thu, 01 Apr 2021 00:54:55 main_pytorch.py[line:251] INFO ------------------------------------
Thu, 01 Apr 2021 00:56:06 data_generator.py[line:169] INFO Number of train audios in specific devices ['a']: 864
Thu, 01 Apr 2021 00:56:17 main_pytorch.py[line:230] INFO tr_acc: 0.570, tr_loss: 1.263
Thu, 01 Apr 2021 00:56:17 data_generator.py[line:169] INFO Number of validate audios in specific devices ['a']: 864
Thu, 01 Apr 2021 00:56:27 main_pytorch.py[line:242] INFO va_acc: 0.570, va_loss: 1.263
Thu, 01 Apr 2021 00:56:27 main_pytorch.py[line:249] INFO iteration: 100, train time: 71.124 s, validate time: 21.102 s
Thu, 01 Apr 2021 00:56:27 main_pytorch.py[line:251] INFO ------------------------------------
Thu, 01 Apr 2021 00:57:36 data_generator.py[line:169] INFO Number of train audios in specific devices ['a']: 864
Thu, 01 Apr 2021 00:57:47 main_pytorch.py[line:230] INFO tr_acc: 0.779, tr_loss: 0.692
Thu, 01 Apr 2021 00:57:47 data_generator.py[line:169] INFO Number of validate audios in specific devices ['a']: 864
Thu, 01 Apr 2021 00:57:57 main_pytorch.py[line:242] INFO va_acc: 0.779, va_loss: 0.692
Thu, 01 Apr 2021 00:57:57 main_pytorch.py[line:249] INFO iteration: 200, train time: 69.300 s, validate time: 21.128 s
Thu, 01 Apr 2021 00:57:57 main_pytorch.py[line:251] INFO ------------------------------------
Thu, 01 Apr 2021 00:59:07 data_generator.py[line:169] INFO Number of train audios in specific devices ['a']: 864
Thu, 01 Apr 2021 00:59:18 main_pytorch.py[line:230] INFO tr_acc: 0.778, tr_loss: 0.605
Thu, 01 Apr 2021 00:59:18 data_generator.py[line:169] INFO Number of validate audios in specific devices ['a']: 864
Thu, 01 Apr 2021 00:59:28 main_pytorch.py[line:242] INFO va_acc: 0.778, va_loss: 0.605
Thu, 01 Apr 2021 00:59:28 main_pytorch.py[line:249] INFO iteration: 300, train time: 69.295 s, validate time: 21.119 s
Thu, 01 Apr 2021 00:59:28 main_pytorch.py[line:251] INFO ------------------------------------
Thu, 01 Apr 2021 01:00:37 data_generator.py[line:169] INFO Number of train audios in specific devices ['a']: 864
Thu, 01 Apr 2021 01:00:48 main_pytorch.py[line:230] INFO tr_acc: 0.901, tr_loss: 0.329
Thu, 01 Apr 2021 01:00:48 data_generator.py[line:169] INFO Number of validate audios in specific devices ['a']: 864
Thu, 01 Apr 2021 01:00:58 main_pytorch.py[line:242] INFO va_acc: 0.901, va_loss: 0.329
Thu, 01 Apr 2021 01:00:58 main_pytorch.py[line:249] INFO iteration: 400, train time: 69.308 s, validate time: 21.114 s
Thu, 01 Apr 2021 01:00:58 main_pytorch.py[line:251] INFO ------------------------------------
Thu, 01 Apr 2021 01:02:09 data_generator.py[line:169] INFO Number of train audios in specific devices ['a']: 864
Thu, 01 Apr 2021 01:02:20 main_pytorch.py[line:230] INFO tr_acc: 0.943, tr_loss: 0.181
Thu, 01 Apr 2021 01:02:20 data_generator.py[line:169] INFO Number of validate audios in specific devices ['a']: 864
Thu, 01 Apr 2021 01:02:30 main_pytorch.py[line:242] INFO va_acc: 0.943, va_loss: 0.181
Thu, 01 Apr 2021 01:02:30 main_pytorch.py[line:249] INFO iteration: 500, train time: 70.343 s, validate time: 21.642 s
Thu, 01 Apr 2021 01:02:30 main_pytorch.py[line:251] INFO ------------------------------------
Thu, 01 Apr 2021 01:03:41 data_generator.py[line:169] INFO Number of train audios in specific devices ['a']: 864
Thu, 01 Apr 2021 01:03:53 main_pytorch.py[line:230] INFO tr_acc: 0.940, tr_loss: 0.169
Thu, 01 Apr 2021 01:03:53 data_generator.py[line:169] INFO Number of validate audios in specific devices ['a']: 864
Thu, 01 Apr 2021 01:04:03 main_pytorch.py[line:242] INFO va_acc: 0.940, va_loss: 0.169
Thu, 01 Apr 2021 01:04:03 main_pytorch.py[line:249] INFO iteration: 600, train time: 70.865 s, validate time: 21.996 s
Thu, 01 Apr 2021 01:04:03 main_pytorch.py[line:251] INFO ------------------------------------
Thu, 01 Apr 2021 01:05:13 data_generator.py[line:169] INFO Number of train audios in specific devices ['a']: 864
Thu, 01 Apr 2021 01:05:24 main_pytorch.py[line:230] INFO tr_acc: 0.981, tr_loss: 0.072
Thu, 01 Apr 2021 01:05:24 data_generator.py[line:169] INFO Number of validate audios in specific devices ['a']: 864
Thu, 01 Apr 2021 01:05:34 main_pytorch.py[line:242] INFO va_acc: 0.981, va_loss: 0.072
Thu, 01 Apr 2021 01:05:34 main_pytorch.py[line:249] INFO iteration: 700, train time: 69.950 s, validate time: 21.061 s
Thu, 01 Apr 2021 01:05:34 main_pytorch.py[line:251] INFO ------------------------------------
Thu, 01 Apr 2021 01:06:44 data_generator.py[line:169] INFO Number of train audios in specific devices ['a']: 864
Thu, 01 Apr 2021 01:06:54 main_pytorch.py[line:230] INFO tr_acc: 0.995, tr_loss: 0.038
Thu, 01 Apr 2021 01:06:54 data_generator.py[line:169] INFO Number of validate audios in specific devices ['a']: 864
Thu, 01 Apr 2021 01:07:05 main_pytorch.py[line:242] INFO va_acc: 0.995, va_loss: 0.038
Thu, 01 Apr 2021 01:07:05 main_pytorch.py[line:249] INFO iteration: 800, train time: 69.551 s, validate time: 21.066 s
Thu, 01 Apr 2021 01:07:05 main_pytorch.py[line:251] INFO ------------------------------------
Thu, 01 Apr 2021 01:08:15 data_generator.py[line:169] INFO Number of train audios in specific devices ['a']: 864
Thu, 01 Apr 2021 01:08:25 main_pytorch.py[line:230] INFO tr_acc: 0.997, tr_loss: 0.024
Thu, 01 Apr 2021 01:08:25 data_generator.py[line:169] INFO Number of validate audios in specific devices ['a']: 864
Thu, 01 Apr 2021 01:08:36 main_pytorch.py[line:242] INFO va_acc: 0.997, va_loss: 0.024
Thu, 01 Apr 2021 01:08:36 main_pytorch.py[line:249] INFO iteration: 900, train time: 69.873 s, validate time: 21.173 s
Thu, 01 Apr 2021 01:08:36 main_pytorch.py[line:251] INFO ------------------------------------
Thu, 01 Apr 2021 01:09:45 data_generator.py[line:169] INFO Number of train audios in specific devices ['a']: 864
Thu, 01 Apr 2021 01:09:56 main_pytorch.py[line:230] INFO tr_acc: 0.996, tr_loss: 0.017
Thu, 01 Apr 2021 01:09:56 data_generator.py[line:169] INFO Number of validate audios in specific devices ['a']: 864
Thu, 01 Apr 2021 01:10:06 main_pytorch.py[line:242] INFO va_acc: 0.996, va_loss: 0.017
Thu, 01 Apr 2021 01:10:06 main_pytorch.py[line:249] INFO iteration: 1000, train time: 69.576 s, validate time: 21.183 s
Thu, 01 Apr 2021 01:10:06 main_pytorch.py[line:251] INFO ------------------------------------
Thu, 01 Apr 2021 01:10:07 main_pytorch.py[line:265] INFO Model saved to /home/mura4197/Downloads/dcase2018_task1-master/models/TUT-urban-acoustic-scenes-2018-development/main_pytorch/holdout_fold=1/md_1000_iters.tar
